[debug] [2020-12-02T22:42:08.825Z] ----------------------------------------------------------------------
[debug] [2020-12-02T22:42:08.827Z] Command:       /home/ubuntu/.nvm/versions/node/v12.16.2/bin/node /home/ubuntu/.nvm/versions/node/v12.16.2/bin/firebase init
[debug] [2020-12-02T22:42:08.828Z] CLI Version:   8.16.2
[debug] [2020-12-02T22:42:08.828Z] Platform:      linux
[debug] [2020-12-02T22:42:08.828Z] Node Version:  v12.16.2
[debug] [2020-12-02T22:42:08.828Z] Time:          Wed Dec 02 2020 17:42:08 GMT-0500 (GMT-05:00)
[debug] [2020-12-02T22:42:08.829Z] ----------------------------------------------------------------------
[debug] [2020-12-02T22:42:08.829Z] 
[debug] [2020-12-02T22:42:08.833Z] > command requires scopes: ["email","openid","https://www.googleapis.com/auth/cloudplatformprojects.readonly","https://www.googleapis.com/auth/firebase","https://www.googleapis.com/auth/cloud-platform"]
[debug] [2020-12-02T22:42:08.834Z] > authorizing via signed-in user
[info] 
     ######## #### ########  ######## ########     ###     ######  ########
     ##        ##  ##     ## ##       ##     ##  ##   ##  ##       ##
     ######    ##  ########  ######   ########  #########  ######  ######
     ##        ##  ##    ##  ##       ##     ## ##     ##       ## ##
     ##       #### ##     ## ######## ########  ##     ##  ######  ########

You're about to initialize a Firebase project in this directory:

  /home/ubuntu/Documentos/Laboratoria/ProyectosBootcamp/mi-portafolio

Before we get started, keep in mind:

  * You are initializing in an existing Firebase project directory

[info] 
=== Project Setup
[info] 
[info] First, let's associate this project directory with a Firebase project.
[info] You can create multiple project aliases by running firebase use --add, 
[info] but for now we'll just set up a default project.
[info] 
[info] i  .firebaserc already has a default project, using carmenfarinez-551df. 
[debug] [2020-12-02T22:42:14.698Z] > refreshing access token with scopes: ["email","https://www.googleapis.com/auth/cloud-platform","https://www.googleapis.com/auth/cloudplatformprojects.readonly","https://www.googleapis.com/auth/firebase","openid"]
[debug] [2020-12-02T22:42:14.698Z] >>> HTTP REQUEST POST https://www.googleapis.com/oauth2/v3/token  
 <request body omitted>
[debug] [2020-12-02T22:42:15.071Z] <<< HTTP RESPONSE 200 {"cache-control":"no-cache, no-store, max-age=0, must-revalidate","expires":"Mon, 01 Jan 1990 00:00:00 GMT","date":"Wed, 02 Dec 2020 22:42:15 GMT","pragma":"no-cache","content-type":"application/json; charset=utf-8","vary":"X-Origin, Referer, Origin,Accept-Encoding","server":"scaffolding on HTTPServer2","x-xss-protection":"0","x-frame-options":"SAMEORIGIN","x-content-type-options":"nosniff","alt-svc":"h3-29=\":443\"; ma=2592000,h3-T051=\":443\"; ma=2592000,h3-Q050=\":443\"; ma=2592000,h3-Q046=\":443\"; ma=2592000,h3-Q043=\":443\"; ma=2592000,quic=\":443\"; ma=2592000; v=\"46,43\"","accept-ranges":"none","transfer-encoding":"chunked"}
[debug] [2020-12-02T22:42:15.176Z] >>> HTTP REQUEST GET https://firebase.googleapis.com/v1beta1/projects/carmenfarinez-551df  
 
[debug] [2020-12-02T22:42:15.859Z] <<< HTTP RESPONSE 403 {"vary":"X-Origin, Referer, Origin,Accept-Encoding","content-type":"application/json; charset=UTF-8","date":"Wed, 02 Dec 2020 22:42:15 GMT","server":"ESF","cache-control":"private","x-xss-protection":"0","x-frame-options":"SAMEORIGIN","x-content-type-options":"nosniff","alt-svc":"h3-29=\":443\"; ma=2592000,h3-T051=\":443\"; ma=2592000,h3-Q050=\":443\"; ma=2592000,h3-Q046=\":443\"; ma=2592000,h3-Q043=\":443\"; ma=2592000,quic=\":443\"; ma=2592000; v=\"46,43\"","accept-ranges":"none","transfer-encoding":"chunked"}
[debug] [2020-12-02T22:42:15.860Z] <<< HTTP RESPONSE BODY {"error":{"code":403,"message":"The caller does not have permission","status":"PERMISSION_DENIED"}}
[debug] [2020-12-02T22:42:15.863Z] HTTP Error: 403, The caller does not have permission
[debug] [2020-12-02T22:42:16.181Z] FirebaseError: HTTP Error: 403, The caller does not have permission
    at module.exports (/home/ubuntu/.nvm/versions/node/v12.16.2/lib/node_modules/firebase-tools/lib/responseToError.js:38:12)
    at Request._callback (/home/ubuntu/.nvm/versions/node/v12.16.2/lib/node_modules/firebase-tools/lib/api.js:41:35)
    at Request.self.callback (/home/ubuntu/.nvm/versions/node/v12.16.2/lib/node_modules/firebase-tools/node_modules/request/request.js:185:22)
    at Request.emit (events.js:310:20)
    at Request.EventEmitter.emit (domain.js:482:12)
    at Request.<anonymous> (/home/ubuntu/.nvm/versions/node/v12.16.2/lib/node_modules/firebase-tools/node_modules/request/request.js:1154:10)
    at Request.emit (events.js:310:20)
    at Request.EventEmitter.emit (domain.js:482:12)
    at IncomingMessage.<anonymous> (/home/ubuntu/.nvm/versions/node/v12.16.2/lib/node_modules/firebase-tools/node_modules/request/request.js:1076:12)
    at Object.onceWrapper (events.js:416:28)
    at IncomingMessage.emit (events.js:322:22)
    at IncomingMessage.EventEmitter.emit (domain.js:482:12)
    at endReadableNT (_stream_readable.js:1187:12)
    at processTicksAndRejections (internal/process/task_queues.js:84:21)
[error] 
[error] Error: Failed to get Firebase project carmenfarinez-551df. Please make sure the project exists and your account has permission to access it.
